This file contains any messages produced by compilers while
running configure, to aid debugging if configure makes a mistake.

It was created by gbM configure 0.1, which was
generated by GNU Autoconf 2.61.  Invocation command line was

  $ ../configure --prefix=/home/xbroquer/BioMove3D/other_libraries/gbM/build/install --with-tcl=/usr/lib

## --------- ##
## Platform. ##
## --------- ##

hostname = pit
uname -m = i686
uname -r = 2.6.24.3-12.fc8
uname -s = Linux
uname -v = #1 SMP Tue Feb 26 14:58:29 EST 2008

/usr/bin/uname -p = unknown
/bin/uname -X     = unknown

/bin/arch              = i686
/usr/bin/arch -k       = unknown
/usr/convex/getsysinfo = unknown
/usr/bin/hostinfo      = unknown
/bin/machine           = unknown
/usr/bin/oslevel       = unknown
/bin/universe          = unknown

PATH: /usr/local/openrobots/bin
PATH: /usr/local/bin
PATH: /home/xbroquer/matlab_R2007a/etc
PATH: /bin
PATH: /usr/bin
PATH: /usr/X11R6/bin
PATH: /sbin
PATH: /usr/sbin
PATH: /usr/local/bin
PATH: /usr/local/openrobots/bin
PATH: /usr/local/sbin
PATH: .


## ----------- ##
## Core tests. ##
## ----------- ##

configure:1952: checking build system type
configure:1970: result: i686-pc-linux-gnu
configure:1992: checking host system type
configure:2007: result: i686-pc-linux-gnu
configure:2078: checking for gcc
configure:2094: found /usr/bin/gcc
configure:2105: result: gcc
configure:2343: checking for C compiler version
configure:2350: gcc --version >&5
gcc (GCC) 4.1.2 20070925 (Red Hat 4.1.2-33)
Copyright (C) 2006 Free Software Foundation, Inc.
This is free software; see the source for copying conditions.  There is NO
warranty; not even for MERCHANTABILITY or FITNESS FOR A PARTICULAR PURPOSE.

configure:2353: $? = 0
configure:2360: gcc -v >&5
Using built-in specs.
Target: i386-redhat-linux
Configured with: ../configure --prefix=/usr --mandir=/usr/share/man --infodir=/usr/share/info --enable-shared --enable-threads=posix --enable-checking=release --with-system-zlib --enable-__cxa_atexit --disable-libunwind-exceptions --enable-languages=c,c++,objc,obj-c++,java,fortran,ada --enable-java-awt=gtk --disable-dssi --enable-plugin --with-java-home=/usr/lib/jvm/java-1.5.0-gcj-1.5.0.0/jre --enable-libgcj-multifile --enable-java-maintainer-mode --with-ecj-jar=/usr/share/java/eclipse-ecj.jar --with-cpu=generic --host=i386-redhat-linux
Thread model: posix
gcc version 4.1.2 20070925 (Red Hat 4.1.2-33)
configure:2363: $? = 0
configure:2370: gcc -V >&5
gcc: '-V' option must have argument
configure:2373: $? = 1
configure:2396: checking for C compiler default output file name
configure:2423: gcc    conftest.c  >&5
configure:2426: $? = 0
configure:2464: result: a.out
configure:2481: checking whether the C compiler works
configure:2491: ./a.out
configure:2494: $? = 0
configure:2511: result: yes
configure:2518: checking whether we are cross compiling
configure:2520: result: no
configure:2523: checking for suffix of executables
configure:2530: gcc -o conftest    conftest.c  >&5
configure:2533: $? = 0
configure:2557: result: 
configure:2563: checking for suffix of object files
configure:2589: gcc -c   conftest.c >&5
configure:2592: $? = 0
configure:2615: result: o
configure:2619: checking whether we are using the GNU C compiler
configure:2648: gcc -c   conftest.c >&5
configure:2654: $? = 0
configure:2671: result: yes
configure:2676: checking whether gcc accepts -g
configure:2706: gcc -c -g  conftest.c >&5
configure:2712: $? = 0
configure:2811: result: yes
configure:2828: checking for gcc option to accept ISO C89
configure:2902: gcc  -c -g -O2  conftest.c >&5
configure:2908: $? = 0
configure:2931: result: none needed
configure:3031: checking for a sed that does not truncate output
configure:3087: result: /bin/sed
configure:3090: checking for grep that handles long lines and -e
configure:3164: result: /bin/grep
configure:3169: checking for egrep
configure:3247: result: /bin/grep -E
configure:3263: checking for ld used by gcc
configure:3330: result: /usr/bin/ld
configure:3339: checking if the linker (/usr/bin/ld) is GNU ld
configure:3354: result: yes
configure:3359: checking for /usr/bin/ld option to reload object files
configure:3366: result: -r
configure:3384: checking for BSD-compatible nm
configure:3433: result: /usr/bin/nm -B
configure:3437: checking whether ln -s works
configure:3441: result: yes
configure:3448: checking how to recognize dependent libraries
configure:3634: result: pass_all
configure:3876: checking how to run the C preprocessor
configure:3916: gcc -E  conftest.c
configure:3922: $? = 0
configure:3953: gcc -E  conftest.c
conftest.c:8:28: error: ac_nonexistent.h: No such file or directory
configure:3959: $? = 1
configure: failed program was:
| /* confdefs.h.  */
| #define PACKAGE_NAME "gbM"
| #define PACKAGE_TARNAME "gbm"
| #define PACKAGE_VERSION "0.1"
| #define PACKAGE_STRING "gbM 0.1"
| #define PACKAGE_BUGREPORT ""
| /* end confdefs.h.  */
| #include <ac_nonexistent.h>
configure:3992: result: gcc -E
configure:4021: gcc -E  conftest.c
configure:4027: $? = 0
configure:4058: gcc -E  conftest.c
conftest.c:8:28: error: ac_nonexistent.h: No such file or directory
configure:4064: $? = 1
configure: failed program was:
| /* confdefs.h.  */
| #define PACKAGE_NAME "gbM"
| #define PACKAGE_TARNAME "gbm"
| #define PACKAGE_VERSION "0.1"
| #define PACKAGE_STRING "gbM 0.1"
| #define PACKAGE_BUGREPORT ""
| /* end confdefs.h.  */
| #include <ac_nonexistent.h>
configure:4102: checking for ANSI C header files
configure:4132: gcc -c -g -O2  conftest.c >&5
configure:4138: $? = 0
configure:4237: gcc -o conftest -g -O2   conftest.c  >&5
configure:4240: $? = 0
configure:4246: ./conftest
configure:4249: $? = 0
configure:4266: result: yes
configure:4290: checking for sys/types.h
configure:4311: gcc -c -g -O2  conftest.c >&5
configure:4317: $? = 0
configure:4333: result: yes
configure:4290: checking for sys/stat.h
configure:4311: gcc -c -g -O2  conftest.c >&5
configure:4317: $? = 0
configure:4333: result: yes
configure:4290: checking for stdlib.h
configure:4311: gcc -c -g -O2  conftest.c >&5
configure:4317: $? = 0
configure:4333: result: yes
configure:4290: checking for string.h
configure:4311: gcc -c -g -O2  conftest.c >&5
configure:4317: $? = 0
configure:4333: result: yes
configure:4290: checking for memory.h
configure:4311: gcc -c -g -O2  conftest.c >&5
configure:4317: $? = 0
configure:4333: result: yes
configure:4290: checking for strings.h
configure:4311: gcc -c -g -O2  conftest.c >&5
configure:4317: $? = 0
configure:4333: result: yes
configure:4290: checking for inttypes.h
configure:4311: gcc -c -g -O2  conftest.c >&5
configure:4317: $? = 0
configure:4333: result: yes
configure:4290: checking for stdint.h
configure:4311: gcc -c -g -O2  conftest.c >&5
configure:4317: $? = 0
configure:4333: result: yes
configure:4290: checking for unistd.h
configure:4311: gcc -c -g -O2  conftest.c >&5
configure:4317: $? = 0
configure:4333: result: yes
configure:4360: checking dlfcn.h usability
configure:4377: gcc -c -g -O2  conftest.c >&5
configure:4383: $? = 0
configure:4397: result: yes
configure:4401: checking dlfcn.h presence
configure:4416: gcc -E  conftest.c
configure:4422: $? = 0
configure:4436: result: yes
configure:4464: checking for dlfcn.h
configure:4472: result: yes
configure:4543: checking for g++
configure:4559: found /usr/bin/g++
configure:4570: result: g++
configure:4601: checking for C++ compiler version
configure:4608: g++ --version >&5
g++ (GCC) 4.1.2 20070925 (Red Hat 4.1.2-33)
Copyright (C) 2006 Free Software Foundation, Inc.
This is free software; see the source for copying conditions.  There is NO
warranty; not even for MERCHANTABILITY or FITNESS FOR A PARTICULAR PURPOSE.

configure:4611: $? = 0
configure:4618: g++ -v >&5
Using built-in specs.
Target: i386-redhat-linux
Configured with: ../configure --prefix=/usr --mandir=/usr/share/man --infodir=/usr/share/info --enable-shared --enable-threads=posix --enable-checking=release --with-system-zlib --enable-__cxa_atexit --disable-libunwind-exceptions --enable-languages=c,c++,objc,obj-c++,java,fortran,ada --enable-java-awt=gtk --disable-dssi --enable-plugin --with-java-home=/usr/lib/jvm/java-1.5.0-gcj-1.5.0.0/jre --enable-libgcj-multifile --enable-java-maintainer-mode --with-ecj-jar=/usr/share/java/eclipse-ecj.jar --with-cpu=generic --host=i386-redhat-linux
Thread model: posix
gcc version 4.1.2 20070925 (Red Hat 4.1.2-33)
configure:4621: $? = 0
configure:4628: g++ -V >&5
g++: '-V' option must have argument
configure:4631: $? = 1
configure:4634: checking whether we are using the GNU C++ compiler
configure:4663: g++ -c   conftest.cpp >&5
configure:4669: $? = 0
configure:4686: result: yes
configure:4691: checking whether g++ accepts -g
configure:4721: g++ -c -g  conftest.cpp >&5
configure:4727: $? = 0
configure:4826: result: yes
configure:4859: checking how to run the C++ preprocessor
configure:4895: g++ -E  conftest.cpp
configure:4901: $? = 0
configure:4932: g++ -E  conftest.cpp
conftest.cpp:19:28: error: ac_nonexistent.h: No such file or directory
configure:4938: $? = 1
configure: failed program was:
| /* confdefs.h.  */
| #define PACKAGE_NAME "gbM"
| #define PACKAGE_TARNAME "gbm"
| #define PACKAGE_VERSION "0.1"
| #define PACKAGE_STRING "gbM 0.1"
| #define PACKAGE_BUGREPORT ""
| #define STDC_HEADERS 1
| #define HAVE_SYS_TYPES_H 1
| #define HAVE_SYS_STAT_H 1
| #define HAVE_STDLIB_H 1
| #define HAVE_STRING_H 1
| #define HAVE_MEMORY_H 1
| #define HAVE_STRINGS_H 1
| #define HAVE_INTTYPES_H 1
| #define HAVE_STDINT_H 1
| #define HAVE_UNISTD_H 1
| #define HAVE_DLFCN_H 1
| /* end confdefs.h.  */
| #include <ac_nonexistent.h>
configure:4971: result: g++ -E
configure:5000: g++ -E  conftest.cpp
configure:5006: $? = 0
configure:5037: g++ -E  conftest.cpp
conftest.cpp:19:28: error: ac_nonexistent.h: No such file or directory
configure:5043: $? = 1
configure: failed program was:
| /* confdefs.h.  */
| #define PACKAGE_NAME "gbM"
| #define PACKAGE_TARNAME "gbm"
| #define PACKAGE_VERSION "0.1"
| #define PACKAGE_STRING "gbM 0.1"
| #define PACKAGE_BUGREPORT ""
| #define STDC_HEADERS 1
| #define HAVE_SYS_TYPES_H 1
| #define HAVE_SYS_STAT_H 1
| #define HAVE_STDLIB_H 1
| #define HAVE_STRING_H 1
| #define HAVE_MEMORY_H 1
| #define HAVE_STRINGS_H 1
| #define HAVE_INTTYPES_H 1
| #define HAVE_STDINT_H 1
| #define HAVE_UNISTD_H 1
| #define HAVE_DLFCN_H 1
| /* end confdefs.h.  */
| #include <ac_nonexistent.h>
configure:5136: checking for g77
configure:5166: result: no
configure:5136: checking for xlf
configure:5166: result: no
configure:5136: checking for f77
configure:5166: result: no
configure:5136: checking for frt
configure:5166: result: no
configure:5136: checking for pgf77
configure:5166: result: no
configure:5136: checking for cf77
configure:5166: result: no
configure:5136: checking for fort77
configure:5166: result: no
configure:5136: checking for fl32
configure:5166: result: no
configure:5136: checking for af77
configure:5166: result: no
configure:5136: checking for xlf90
configure:5166: result: no
configure:5136: checking for f90
configure:5166: result: no
configure:5136: checking for pgf90
configure:5166: result: no
configure:5136: checking for pghpf
configure:5166: result: no
configure:5136: checking for epcf90
configure:5166: result: no
configure:5136: checking for gfortran
configure:5152: found /usr/bin/gfortran
configure:5163: result: gfortran
configure:5193: checking for Fortran 77 compiler version
configure:5200: gfortran --version >&5
GNU Fortran (GCC) 4.1.2 20070925 (Red Hat 4.1.2-33)
Copyright (C) 2007 Free Software Foundation, Inc.

GNU Fortran comes with NO WARRANTY, to the extent permitted by law.
You may redistribute copies of GNU Fortran
under the terms of the GNU General Public License.
For more information about these matters, see the file named COPYING

configure:5203: $? = 0
configure:5210: gfortran -v >&5
Using built-in specs.
Target: i386-redhat-linux
Configured with: ../configure --prefix=/usr --mandir=/usr/share/man --infodir=/usr/share/info --enable-shared --enable-threads=posix --enable-checking=release --with-system-zlib --enable-__cxa_atexit --disable-libunwind-exceptions --enable-languages=c,c++,objc,obj-c++,java,fortran,ada --enable-java-awt=gtk --disable-dssi --enable-plugin --with-java-home=/usr/lib/jvm/java-1.5.0-gcj-1.5.0.0/jre --enable-libgcj-multifile --enable-java-maintainer-mode --with-ecj-jar=/usr/share/java/eclipse-ecj.jar --with-cpu=generic --host=i386-redhat-linux
Thread model: posix
gcc version 4.1.2 20070925 (Red Hat 4.1.2-33)
configure:5213: $? = 0
configure:5220: gfortran -V >&5
gfortran: '-V' option must have argument
configure:5223: $? = 1
configure:5231: checking whether we are using the GNU Fortran 77 compiler
configure:5250: gfortran -c  conftest.F >&5
configure:5256: $? = 0
configure:5273: result: yes
configure:5279: checking whether gfortran accepts -g
configure:5296: gfortran -c -g conftest.f >&5
configure:5302: $? = 0
configure:5318: result: yes
configure:5348: checking the maximum length of command line arguments
configure:5460: result: 98304
configure:5472: checking command to parse /usr/bin/nm -B output from gcc object
configure:5577: gcc -c -g -O2  conftest.c >&5
configure:5580: $? = 0
configure:5584: /usr/bin/nm -B conftest.o \| sed -n -e 's/^.*[ 	]\([ABCDGIRSTW][ABCDGIRSTW]*\)[ 	][ 	]*\([_A-Za-z][_A-Za-z0-9]*\)$/\1 \2 \2/p' \> conftest.nm
configure:5587: $? = 0
configure:5639: gcc -o conftest -g -O2   conftest.c conftstm.o >&5
configure:5642: $? = 0
configure:5680: result: ok
configure:5684: checking for objdir
configure:5699: result: .libs
configure:5791: checking for ar
configure:5807: found /usr/bin/ar
configure:5818: result: ar
configure:5887: checking for ranlib
configure:5903: found /usr/bin/ranlib
configure:5914: result: ranlib
configure:5983: checking for strip
configure:5999: found /usr/bin/strip
configure:6010: result: strip
configure:6296: checking if gcc supports -fno-rtti -fno-exceptions
configure:6314: gcc -c -g -O2  -fno-rtti -fno-exceptions conftest.c >&5
cc1: warning: command line option "-fno-rtti" is valid for C++/ObjC++ but not for C
configure:6318: $? = 0
configure:6331: result: no
configure:6346: checking for gcc option to produce PIC
configure:6578: result: -fPIC
configure:6586: checking if gcc PIC flag -fPIC works
configure:6604: gcc -c -g -O2  -fPIC -DPIC conftest.c >&5
configure:6608: $? = 0
configure:6621: result: yes
configure:6649: checking if gcc static flag -static works
configure:6677: result: yes
configure:6687: checking if gcc supports -c -o file.o
configure:6708: gcc -c -g -O2  -o out/conftest2.o conftest.c >&5
configure:6712: $? = 0
configure:6734: result: yes
configure:6760: checking whether the gcc linker (/usr/bin/ld) supports shared libraries
configure:7740: result: yes
configure:7761: checking whether -lc should be explicitly linked in
configure:7766: gcc -c -g -O2  conftest.c >&5
configure:7769: $? = 0
configure:7784: gcc -shared conftest.o  -v -Wl,-soname -Wl,conftest -o conftest 2\>\&1 \| grep  -lc  \>/dev/null 2\>\&1
configure:7787: $? = 0
configure:7799: result: no
configure:7807: checking dynamic linker characteristics
configure:8411: result: GNU/Linux ld.so
configure:8420: checking how to hardcode library paths into programs
configure:8445: result: immediate
configure:8459: checking whether stripping libraries is possible
configure:8464: result: yes
configure:8588: checking for shl_load
configure:8644: gcc -o conftest -g -O2   conftest.c  >&5
/tmp/ccsEzsus.o: In function `main':
/home/xbroquer/BioMove3D/other_libraries/gbM/build/conftest.c:53: undefined reference to `shl_load'
collect2: ld returned 1 exit status
configure:8650: $? = 1
configure: failed program was:
| /* confdefs.h.  */
| #define PACKAGE_NAME "gbM"
| #define PACKAGE_TARNAME "gbm"
| #define PACKAGE_VERSION "0.1"
| #define PACKAGE_STRING "gbM 0.1"
| #define PACKAGE_BUGREPORT ""
| #define STDC_HEADERS 1
| #define HAVE_SYS_TYPES_H 1
| #define HAVE_SYS_STAT_H 1
| #define HAVE_STDLIB_H 1
| #define HAVE_STRING_H 1
| #define HAVE_MEMORY_H 1
| #define HAVE_STRINGS_H 1
| #define HAVE_INTTYPES_H 1
| #define HAVE_STDINT_H 1
| #define HAVE_UNISTD_H 1
| #define HAVE_DLFCN_H 1
| /* end confdefs.h.  */
| /* Define shl_load to an innocuous variant, in case <limits.h> declares shl_load.
|    For example, HP-UX 11i <limits.h> declares gettimeofday.  */
| #define shl_load innocuous_shl_load
| 
| /* System header to define __stub macros and hopefully few prototypes,
|     which can conflict with char shl_load (); below.
|     Prefer <limits.h> to <assert.h> if __STDC__ is defined, since
|     <limits.h> exists even on freestanding compilers.  */
| 
| #ifdef __STDC__
| # include <limits.h>
| #else
| # include <assert.h>
| #endif
| 
| #undef shl_load
| 
| /* Override any GCC internal prototype to avoid an error.
|    Use char because int might match the return type of a GCC
|    builtin and then its argument prototype would still apply.  */
| #ifdef __cplusplus
| extern "C"
| #endif
| char shl_load ();
| /* The GNU C library defines this for functions which it implements
|     to always fail with ENOSYS.  Some functions are actually named
|     something starting with __ and the normal name is an alias.  */
| #if defined __stub_shl_load || defined __stub___shl_load
| choke me
| #endif
| 
| int
| main ()
| {
| return shl_load ();
|   ;
|   return 0;
| }
configure:8667: result: no
configure:8672: checking for shl_load in -ldld
configure:8707: gcc -o conftest -g -O2   conftest.c -ldld   >&5
/usr/bin/ld: cannot find -ldld
collect2: ld returned 1 exit status
configure:8713: $? = 1
configure: failed program was:
| /* confdefs.h.  */
| #define PACKAGE_NAME "gbM"
| #define PACKAGE_TARNAME "gbm"
| #define PACKAGE_VERSION "0.1"
| #define PACKAGE_STRING "gbM 0.1"
| #define PACKAGE_BUGREPORT ""
| #define STDC_HEADERS 1
| #define HAVE_SYS_TYPES_H 1
| #define HAVE_SYS_STAT_H 1
| #define HAVE_STDLIB_H 1
| #define HAVE_STRING_H 1
| #define HAVE_MEMORY_H 1
| #define HAVE_STRINGS_H 1
| #define HAVE_INTTYPES_H 1
| #define HAVE_STDINT_H 1
| #define HAVE_UNISTD_H 1
| #define HAVE_DLFCN_H 1
| /* end confdefs.h.  */
| 
| /* Override any GCC internal prototype to avoid an error.
|    Use char because int might match the return type of a GCC
|    builtin and then its argument prototype would still apply.  */
| #ifdef __cplusplus
| extern "C"
| #endif
| char shl_load ();
| int
| main ()
| {
| return shl_load ();
|   ;
|   return 0;
| }
configure:8731: result: no
configure:8736: checking for dlopen
configure:8792: gcc -o conftest -g -O2   conftest.c  >&5
/tmp/cckIVK0I.o: In function `main':
/home/xbroquer/BioMove3D/other_libraries/gbM/build/conftest.c:53: undefined reference to `dlopen'
collect2: ld returned 1 exit status
configure:8798: $? = 1
configure: failed program was:
| /* confdefs.h.  */
| #define PACKAGE_NAME "gbM"
| #define PACKAGE_TARNAME "gbm"
| #define PACKAGE_VERSION "0.1"
| #define PACKAGE_STRING "gbM 0.1"
| #define PACKAGE_BUGREPORT ""
| #define STDC_HEADERS 1
| #define HAVE_SYS_TYPES_H 1
| #define HAVE_SYS_STAT_H 1
| #define HAVE_STDLIB_H 1
| #define HAVE_STRING_H 1
| #define HAVE_MEMORY_H 1
| #define HAVE_STRINGS_H 1
| #define HAVE_INTTYPES_H 1
| #define HAVE_STDINT_H 1
| #define HAVE_UNISTD_H 1
| #define HAVE_DLFCN_H 1
| /* end confdefs.h.  */
| /* Define dlopen to an innocuous variant, in case <limits.h> declares dlopen.
|    For example, HP-UX 11i <limits.h> declares gettimeofday.  */
| #define dlopen innocuous_dlopen
| 
| /* System header to define __stub macros and hopefully few prototypes,
|     which can conflict with char dlopen (); below.
|     Prefer <limits.h> to <assert.h> if __STDC__ is defined, since
|     <limits.h> exists even on freestanding compilers.  */
| 
| #ifdef __STDC__
| # include <limits.h>
| #else
| # include <assert.h>
| #endif
| 
| #undef dlopen
| 
| /* Override any GCC internal prototype to avoid an error.
|    Use char because int might match the return type of a GCC
|    builtin and then its argument prototype would still apply.  */
| #ifdef __cplusplus
| extern "C"
| #endif
| char dlopen ();
| /* The GNU C library defines this for functions which it implements
|     to always fail with ENOSYS.  Some functions are actually named
|     something starting with __ and the normal name is an alias.  */
| #if defined __stub_dlopen || defined __stub___dlopen
| choke me
| #endif
| 
| int
| main ()
| {
| return dlopen ();
|   ;
|   return 0;
| }
configure:8815: result: no
configure:8820: checking for dlopen in -ldl
configure:8855: gcc -o conftest -g -O2   conftest.c -ldl   >&5
configure:8861: $? = 0
configure:8879: result: yes
configure:9048: checking whether a program can dlopen itself
configure:9122: gcc -o conftest -g -O2  -DHAVE_DLFCN_H  -Wl,--export-dynamic conftest.c -ldl  >&5
configure: In function 'main':
configure:9118: warning: incompatible implicit declaration of built-in function 'exit'
configure:9125: $? = 0
configure:9143: result: yes
configure:9148: checking whether a statically linked program can dlopen itself
configure:9222: gcc -o conftest -g -O2  -DHAVE_DLFCN_H  -Wl,--export-dynamic -static conftest.c -ldl  >&5
configure: In function 'main':
configure:9218: warning: incompatible implicit declaration of built-in function 'exit'
/tmp/ccYbhH57.o: In function `main':
/home/xbroquer/BioMove3D/other_libraries/gbM/build/configure:9206: warning: Using 'dlopen' in statically linked applications requires at runtime the shared libraries from the glibc version used for linking
configure:9225: $? = 0
/lib/: cannot read file data: Is a directory
configure:9243: result: no
configure:9266: checking if libtool supports shared libraries
configure:9268: result: yes
configure:9271: checking whether to build shared libraries
configure:9292: result: yes
configure:9295: checking whether to build static libraries
configure:9299: result: no
configure:9392: creating libtool
configure:9980: checking for ld used by g++
configure:10047: result: /usr/bin/ld
configure:10056: checking if the linker (/usr/bin/ld) is GNU ld
configure:10071: result: yes
configure:10122: checking whether the g++ linker (/usr/bin/ld) supports shared libraries
configure:11096: result: yes
configure:11114: g++ -c -g -O2  conftest.cpp >&5
configure:11117: $? = 0
configure:11269: checking for g++ option to produce PIC
configure:11553: result: -fPIC
configure:11561: checking if g++ PIC flag -fPIC works
configure:11579: g++ -c -g -O2  -fPIC -DPIC conftest.cpp >&5
configure:11583: $? = 0
configure:11596: result: yes
configure:11624: checking if g++ static flag -static works
configure:11652: result: yes
configure:11662: checking if g++ supports -c -o file.o
configure:11683: g++ -c -g -O2  -o out/conftest2.o conftest.cpp >&5
configure:11687: $? = 0
configure:11709: result: yes
configure:11735: checking whether the g++ linker (/usr/bin/ld) supports shared libraries
configure:11760: result: yes
configure:11827: checking dynamic linker characteristics
configure:12379: result: GNU/Linux ld.so
configure:12388: checking how to hardcode library paths into programs
configure:12413: result: immediate
configure:12947: checking if libtool supports shared libraries
configure:12949: result: yes
configure:12952: checking whether to build shared libraries
configure:12972: result: yes
configure:12975: checking whether to build static libraries
configure:12979: result: no
configure:12989: checking for gfortran option to produce PIC
configure:13221: result: -fPIC
configure:13229: checking if gfortran PIC flag -fPIC works
configure:13247: gfortran -c -g -O2 -fPIC conftest.f >&5
configure:13251: $? = 0
configure:13264: result: yes
configure:13292: checking if gfortran static flag -static works
configure:13320: result: yes
configure:13330: checking if gfortran supports -c -o file.o
configure:13351: gfortran -c -g -O2 -o out/conftest2.o conftest.f >&5
configure:13355: $? = 0
configure:13377: result: yes
configure:13403: checking whether the gfortran linker (/usr/bin/ld) supports shared libraries
configure:14363: result: yes
configure:14430: checking dynamic linker characteristics
configure:14982: result: GNU/Linux ld.so
configure:14991: checking how to hardcode library paths into programs
configure:15016: result: immediate
configure:18601: checking for a BSD-compatible install
configure:18657: result: /usr/bin/install -c
configure:18671: checking for mkdep
configure:18690: found /usr/local/openrobots/bin/mkdep
configure:18703: result: /usr/local/openrobots/bin/mkdep
configure:18737: checking for tcl headers
configure:18756: result: /usr/include
configure:18764: checking for tcl library
configure:18781: result: /usr/lib/libtcl8.4.so
configure:18817: checking for tk headers
configure:18837: result: /usr/include
configure:18844: checking for TkInt.h
configure:18860: result: /usr/include/tk-private/generic
configure:18909: checking for swig
configure:18927: found /usr/bin/swig
configure:18939: result: /usr/bin/swig
configure:19144: creating ./config.status

## ---------------------- ##
## Running config.status. ##
## ---------------------- ##

This file was extended by gbM config.status 0.1, which was
generated by GNU Autoconf 2.61.  Invocation command line was

  CONFIG_FILES    = 
  CONFIG_HEADERS  = 
  CONFIG_LINKS    = 
  CONFIG_COMMANDS = 
  $ ./config.status 

on pit

config.status:624: creating Makefile
config.status:624: creating gbM.pc
config.status:624: creating Init.make
config.status:759: WARNING:  ../Init.make.in seems to ignore the --datarootdir setting
config.status:624: creating tcl/Makefile
config.status:624: creating tcl/mkIndex
config.status:624: creating src/Makefile
config.status:624: creating tclsrc/Makefile

## ---------------- ##
## Cache variables. ##
## ---------------- ##

ac_cv_build=i686-pc-linux-gnu
ac_cv_c_compiler_gnu=yes
ac_cv_cxx_compiler_gnu=yes
ac_cv_env_CCC_set=
ac_cv_env_CCC_value=
ac_cv_env_CC_set=
ac_cv_env_CC_value=
ac_cv_env_CFLAGS_set=
ac_cv_env_CFLAGS_value=
ac_cv_env_CPPFLAGS_set=
ac_cv_env_CPPFLAGS_value=
ac_cv_env_CPP_set=
ac_cv_env_CPP_value=
ac_cv_env_CXXCPP_set=
ac_cv_env_CXXCPP_value=
ac_cv_env_CXXFLAGS_set=
ac_cv_env_CXXFLAGS_value=
ac_cv_env_CXX_set=
ac_cv_env_CXX_value=
ac_cv_env_F77_set=
ac_cv_env_F77_value=
ac_cv_env_FFLAGS_set=
ac_cv_env_FFLAGS_value=
ac_cv_env_LDFLAGS_set=
ac_cv_env_LDFLAGS_value=
ac_cv_env_LIBS_set=
ac_cv_env_LIBS_value=
ac_cv_env_build_alias_set=
ac_cv_env_build_alias_value=
ac_cv_env_host_alias_set=
ac_cv_env_host_alias_value=
ac_cv_env_target_alias_set=
ac_cv_env_target_alias_value=
ac_cv_f77_compiler_gnu=yes
ac_cv_func_dlopen=no
ac_cv_func_shl_load=no
ac_cv_header_dlfcn_h=yes
ac_cv_header_inttypes_h=yes
ac_cv_header_memory_h=yes
ac_cv_header_stdc=yes
ac_cv_header_stdint_h=yes
ac_cv_header_stdlib_h=yes
ac_cv_header_string_h=yes
ac_cv_header_strings_h=yes
ac_cv_header_sys_stat_h=yes
ac_cv_header_sys_types_h=yes
ac_cv_header_unistd_h=yes
ac_cv_host=i686-pc-linux-gnu
ac_cv_lib_dl_dlopen=yes
ac_cv_lib_dld_shl_load=no
ac_cv_objext=o
ac_cv_path_EGREP='/bin/grep -E'
ac_cv_path_GREP=/bin/grep
ac_cv_path_MKDEP=/usr/local/openrobots/bin/mkdep
ac_cv_path_SWIG=/usr/bin/swig
ac_cv_path_install='/usr/bin/install -c'
ac_cv_prog_CPP='gcc -E'
ac_cv_prog_CXXCPP='g++ -E'
ac_cv_prog_ac_ct_AR=ar
ac_cv_prog_ac_ct_CC=gcc
ac_cv_prog_ac_ct_CXX=g++
ac_cv_prog_ac_ct_F77=gfortran
ac_cv_prog_ac_ct_RANLIB=ranlib
ac_cv_prog_ac_ct_STRIP=strip
ac_cv_prog_cc_c89=
ac_cv_prog_cc_g=yes
ac_cv_prog_cxx_g=yes
ac_cv_prog_f77_g=yes
lt_cv_deplibs_check_method=pass_all
lt_cv_dlopen=dlopen
lt_cv_dlopen_libs=-ldl
lt_cv_dlopen_self=yes
lt_cv_dlopen_self_static=no
lt_cv_file_magic_cmd='$MAGIC_CMD'
lt_cv_file_magic_test_file=
lt_cv_ld_reload_flag=-r
lt_cv_objdir=.libs
lt_cv_path_LD=/usr/bin/ld
lt_cv_path_LDCXX=/usr/bin/ld
lt_cv_path_NM='/usr/bin/nm -B'
lt_cv_path_SED=/bin/sed
lt_cv_prog_compiler_c_o=yes
lt_cv_prog_compiler_c_o_CXX=yes
lt_cv_prog_compiler_c_o_F77=yes
lt_cv_prog_compiler_rtti_exceptions=no
lt_cv_prog_gnu_ld=yes
lt_cv_prog_gnu_ldcxx=yes
lt_cv_sys_global_symbol_pipe='sed -n -e '\''s/^.*[ 	]\([ABCDGIRSTW][ABCDGIRSTW]*\)[ 	][ 	]*\([_A-Za-z][_A-Za-z0-9]*\)$/\1 \2 \2/p'\'''
lt_cv_sys_global_symbol_to_c_name_address='sed -n -e '\''s/^: \([^ ]*\) $/  {\"\1\", (lt_ptr) 0},/p'\'' -e '\''s/^[BCDEGRST] \([^ ]*\) \([^ ]*\)$/  {"\2", (lt_ptr) \&\2},/p'\'''
lt_cv_sys_global_symbol_to_cdecl='sed -n -e '\''s/^. .* \(.*\)$/extern int \1;/p'\'''
lt_cv_sys_max_cmd_len=98304
lt_lt_cv_prog_compiler_c_o='"yes"'
lt_lt_cv_prog_compiler_c_o_CXX='"yes"'
lt_lt_cv_prog_compiler_c_o_F77='"yes"'
lt_lt_cv_sys_global_symbol_pipe='"sed -n -e '\''s/^.*[ 	]\\([ABCDGIRSTW][ABCDGIRSTW]*\\)[ 	][ 	]*\\([_A-Za-z][_A-Za-z0-9]*\\)\$/\\1 \\2 \\2/p'\''"'
lt_lt_cv_sys_global_symbol_to_c_name_address='"sed -n -e '\''s/^: \\([^ ]*\\) \$/  {\\\"\\1\\\", (lt_ptr) 0},/p'\'' -e '\''s/^[BCDEGRST] \\([^ ]*\\) \\([^ ]*\\)\$/  {\"\\2\", (lt_ptr) \\&\\2},/p'\''"'
lt_lt_cv_sys_global_symbol_to_cdecl='"sed -n -e '\''s/^. .* \\(.*\\)\$/extern int \\1;/p'\''"'

## ----------------- ##
## Output variables. ##
## ----------------- ##

AR='ar'
CC='gcc'
CFLAGS='-g -O2'
CPP='gcc -E'
CPPFLAGS=''
CXX='g++'
CXXCPP='g++ -E'
CXXFLAGS='-g -O2'
DEFS='-DPACKAGE_NAME=\"gbM\" -DPACKAGE_TARNAME=\"gbm\" -DPACKAGE_VERSION=\"0.1\" -DPACKAGE_STRING=\"gbM\ 0.1\" -DPACKAGE_BUGREPORT=\"\" -DSTDC_HEADERS=1 -DHAVE_SYS_TYPES_H=1 -DHAVE_SYS_STAT_H=1 -DHAVE_STDLIB_H=1 -DHAVE_STRING_H=1 -DHAVE_MEMORY_H=1 -DHAVE_STRINGS_H=1 -DHAVE_INTTYPES_H=1 -DHAVE_STDINT_H=1 -DHAVE_UNISTD_H=1 -DHAVE_DLFCN_H=1'
ECHO='echo'
ECHO_C=''
ECHO_N='-n'
ECHO_T=''
EGREP='/bin/grep -E'
EXEEXT=''
F77='gfortran'
FFLAGS='-g -O2'
GREP='/bin/grep'
INSTALL_DATA='${INSTALL} -m 644'
INSTALL_PROGRAM='${INSTALL}'
INSTALL_SCRIPT='${INSTALL}'
LDFLAGS=''
LIBOBJS=''
LIBS=''
LIBTOOL='$(SHELL) $(top_builddir)/libtool'
LIB_RUNTIME_DIR='/usr/lib'
LN_S='ln -s'
LTLIBOBJS=''
MKDEP='/usr/local/openrobots/bin/mkdep'
OBJEXT='o'
PACKAGE='gbM'
PACKAGE_BUGREPORT=''
PACKAGE_NAME='gbM'
PACKAGE_STRING='gbM 0.1'
PACKAGE_TARNAME='gbm'
PACKAGE_VERSION='0.1'
PATH_SEPARATOR=':'
RANLIB='ranlib'
SED='/bin/sed'
SHELL='/bin/sh'
STRIP='strip'
SWIG='/usr/bin/swig'
SWIG_LIB=''
TCL_CC='gcc'
TCL_CPPFLAGS=' -I/usr/include/tk-private/generic'
TCL_DBGX=''
TCL_EXTRA_CFLAGS='-O2 -g -pipe -Wall -Wp,-D_FORTIFY_SOURCE=2 -fexceptions -fstack-protector --param=ssp-buffer-size=4 -m32 -march=i386 -mtune=generic -fasynchronous-unwind-tables -pipe '
TCL_LDFLAGS=' -Wl,--export-dynamic  '
TCL_LIB_FLAGS='-ltcl8.4${TCL_DBGX} -ltk8.4'
TCL_LIB_SPEC='-L/usr/lib -ltcl8.4${TCL_DBGX}'
TCL_SHLIB_CFLAGS='-fPIC'
TCL_SHLIB_LD='${CC} ${CFLAGS} -shared ${LDFLAGS} -Wl,-soname,${@}'
TCL_SHLIB_LDFLAGS=''
TCL_SHLIB_SUFFIX='.so'
TK_LIB_SPEC='-L/usr/lib -ltk8.4'
VERSION='0.2'
ac_ct_CC='gcc'
ac_ct_CXX='g++'
ac_ct_F77='gfortran'
bindir='${exec_prefix}/bin'
build='i686-pc-linux-gnu'
build_alias=''
build_cpu='i686'
build_os='linux-gnu'
build_vendor='pc'
datadir='${datarootdir}'
datarootdir='${prefix}/share'
docdir='${datarootdir}/doc/${PACKAGE_TARNAME}'
dvidir='${docdir}'
exec_prefix='${prefix}'
host='i686-pc-linux-gnu'
host_alias=''
host_cpu='i686'
host_os='linux-gnu'
host_vendor='pc'
htmldir='${docdir}'
includedir='${prefix}/include'
infodir='${datarootdir}/info'
libdir='${exec_prefix}/lib'
libexecdir='${exec_prefix}/libexec'
localedir='${datarootdir}/locale'
localstatedir='${prefix}/var'
mandir='${datarootdir}/man'
oldincludedir='/usr/include'
pdfdir='${docdir}'
prefix='/home/xbroquer/BioMove3D/other_libraries/gbM/build/install'
program_transform_name='s,x,x,'
psdir='${docdir}'
sbindir='${exec_prefix}/sbin'
sharedstatedir='${prefix}/com'
sysconfdir='${prefix}/etc'
target_alias=''

## ----------- ##
## confdefs.h. ##
## ----------- ##

#define PACKAGE_NAME "gbM"
#define PACKAGE_TARNAME "gbm"
#define PACKAGE_VERSION "0.1"
#define PACKAGE_STRING "gbM 0.1"
#define PACKAGE_BUGREPORT ""
#define STDC_HEADERS 1
#define HAVE_SYS_TYPES_H 1
#define HAVE_SYS_STAT_H 1
#define HAVE_STDLIB_H 1
#define HAVE_STRING_H 1
#define HAVE_MEMORY_H 1
#define HAVE_STRINGS_H 1
#define HAVE_INTTYPES_H 1
#define HAVE_STDINT_H 1
#define HAVE_UNISTD_H 1
#define HAVE_DLFCN_H 1

configure: exit 0
